<?xml version='1.0' encoding='UTF-8'?>
<testsuite hostname="localhost" name="mini.spark.RDDSuite" tests="13" errors="0" failures="0" skipped="0" time="0.068" timestamp="2026-02-08T16:15:47">
          <properties>
[...]
</properties>
          <testcase classname="mini.spark.RDDSuite" name="map/filter/flatMap correctness" time="0.017">
                      
                    </testcase><testcase classname="mini.spark.RDDSuite" name="lazy evaluation triggers only on action" time="0.003">
                      
                    </testcase><testcase classname="mini.spark.RDDSuite" name="take triggers shuffle job for reduceByKey RDDs" time="0.01">
                      
                    </testcase><testcase classname="mini.spark.RDDSuite" name="cache hit avoids recompute" time="0.011">
                      
                    </testcase><testcase classname="mini.spark.RDDSuite" name="spill to disk when memory is insufficient" time="0.002">
                      
                    </testcase><testcase classname="mini.spark.RDDSuite" name="task retry succeeds after failure" time="0.001">
                      
                    </testcase><testcase classname="mini.spark.RDDSuite" name="cache retry does not commit failed attempt" time="0.001">
                      
                    </testcase><testcase classname="mini.spark.RDDSuite" name="shuffle idempotent output with retry" time="0.005">
                      
                    </testcase><testcase classname="mini.spark.RDDSuite" name="explicit cleanup removes shuffle and disk cache" time="0.002">
                      
                    </testcase><testcase classname="mini.spark.RDDSuite" name="parallelize respects numSlices, including non-positive" time="0.001">
                      
                    </testcase><testcase classname="mini.spark.RDDSuite" name="reduceByKey correctness with random input" time="0.008">
                      
                    </testcase><testcase classname="mini.spark.RDDSuite" name="stage splitting produces map stage + result stage" time="0.004">
                      
                    </testcase><testcase classname="mini.spark.RDDSuite" name="shuffle cleanup happens after job" time="0.003">
                      
                    </testcase>
          <system-out><![CDATA[]]></system-out>
          <system-err><![CDATA[]]></system-err>
        </testsuite>